Running Gradle task 'assembleDebug'...                          
WARNING: A restricted method in java.lang.System has been called
WARNING: java.lang.System::load has been called by net.rubygrapefruit.platform.internal.NativeLibraryLoader in an unnamed module (file:/C:/Users/joao.vieira/.gradle/wrapper/dists/gradle-8.11.1-all/2qik7nd48slq1ooc2496ixf4i/gradle-8.11.1/lib/native-platform-0.22-milestone-26.jar)
WARNING: Use --enable-native-access=ALL-UNNAMED to avoid a warning for callers in this module
WARNING: Restricted methods will be blocked in a future release unless native access is enabled

lib/features/body_tracker/presentation/pages/body_measurement_entry_page.dart:104:15: Error: The getter 'isEmpty' isn't defined for the type 'BodyParts'.
 - 'BodyParts' is from 'package:body_part_selector/src/model/body_parts.dart' ('/C:/Users/joao.vieira/AppData/Local/Pub/Cache/hosted/pub.dev/body_part_selector-0.2.0/lib/src/model/body_parts.dart').
Try correcting the name to the name of an existing getter, or defining a getter or field named 'isEmpty'.
    if (parts.isEmpty) return;
              ^^^^^^^
lib/features/body_tracker/presentation/pages/body_measurement_entry_page.dart:120:20: Error: The getter 'chest' isn't defined for the type 'BodyParts'.
 - 'BodyParts' is from 'package:body_part_selector/src/model/body_parts.dart' ('/C:/Users/joao.vieira/AppData/Local/Pub/Cache/hosted/pub.dev/body_part_selector-0.2.0/lib/src/model/body_parts.dart').
Try correcting the name to the name of an existing getter, or defining a getter or field named 'chest'.
    else if (parts.chest)
                   ^^^^^
lib/features/body_tracker/presentation/pages/body_measurement_entry_page.dart:122:20: Error: The getter 'upperArmRight' isn't defined for the type 'BodyParts'.
 - 'BodyParts' is from 'package:body_part_selector/src/model/body_parts.dart' ('/C:/Users/joao.vieira/AppData/Local/Pub/Cache/hosted/pub.dev/body_part_selector-0.2.0/lib/src/model/body_parts.dart').
Try correcting the name to the name of an existing getter, or defining a getter or field named 'upperArmRight'.
    else if (parts.upperArmRight)
                   ^^^^^^^^^^^^^
lib/features/body_tracker/presentation/pages/body_measurement_entry_page.dart:124:20: Error: The getter 'upperArmLeft' isn't defined for the type 'BodyParts'.
 - 'BodyParts' is from 'package:body_part_selector/src/model/body_parts.dart' ('/C:/Users/joao.vieira/AppData/Local/Pub/Cache/hosted/pub.dev/body_part_selector-0.2.0/lib/src/model/body_parts.dart').
Try correcting the name to the name of an existing getter, or defining a getter or field named 'upperArmLeft'.
    else if (parts.upperArmLeft)
                   ^^^^^^^^^^^^
lib/features/body_tracker/presentation/pages/body_measurement_entry_page.dart:126:20: Error: The getter 'hips' isn't defined for the type 'BodyParts'.
 - 'BodyParts' is from 'package:body_part_selector/src/model/body_parts.dart' ('/C:/Users/joao.vieira/AppData/Local/Pub/Cache/hosted/pub.dev/body_part_selector-0.2.0/lib/src/model/body_parts.dart').
Try correcting the name to the name of an existing getter, or defining a getter or field named 'hips'.
    else if (parts.hips)
                   ^^^^
lib/features/body_tracker/presentation/pages/body_measurement_entry_page.dart:128:20: Error: The getter 'upperLegRight' isn't defined for the type 'BodyParts'.
 - 'BodyParts' is from 'package:body_part_selector/src/model/body_parts.dart' ('/C:/Users/joao.vieira/AppData/Local/Pub/Cache/hosted/pub.dev/body_part_selector-0.2.0/lib/src/model/body_parts.dart').
Try correcting the name to the name of an existing getter, or defining a getter or field named 'upperLegRight'.
    else if (parts.upperLegRight)
                   ^^^^^^^^^^^^^
lib/features/body_tracker/presentation/pages/body_measurement_entry_page.dart:130:20: Error: The getter 'upperLegLeft' isn't defined for the type 'BodyParts'.
 - 'BodyParts' is from 'package:body_part_selector/src/model/body_parts.dart' ('/C:/Users/joao.vieira/AppData/Local/Pub/Cache/hosted/pub.dev/body_part_selector-0.2.0/lib/src/model/body_parts.dart').
Try correcting the name to the name of an existing getter, or defining a getter or field named 'upperLegLeft'.
    else if (parts.upperLegLeft)
                   ^^^^^^^^^^^^
lib/features/body_tracker/presentation/pages/body_measurement_entry_page.dart:132:20: Error: The getter 'lowerLegRight' isn't defined for the type 'BodyParts'.
 - 'BodyParts' is from 'package:body_part_selector/src/model/body_parts.dart' ('/C:/Users/joao.vieira/AppData/Local/Pub/Cache/hosted/pub.dev/body_part_selector-0.2.0/lib/src/model/body_parts.dart').
Try correcting the name to the name of an existing getter, or defining a getter or field named 'lowerLegRight'.
    else if (parts.lowerLegRight || parts.lowerLegLeft)
                   ^^^^^^^^^^^^^
lib/features/body_tracker/presentation/pages/body_measurement_entry_page.dart:132:43: Error: The getter 'lowerLegLeft' isn't defined for the type 'BodyParts'.
 - 'BodyParts' is from 'package:body_part_selector/src/model/body_parts.dart' ('/C:/Users/joao.vieira/AppData/Local/Pub/Cache/hosted/pub.dev/body_part_selector-0.2.0/lib/src/model/body_parts.dart').
Try correcting the name to the name of an existing getter, or defining a getter or field named 'lowerLegLeft'.
    else if (parts.lowerLegRight || parts.lowerLegLeft)
                                          ^^^^^^^^^^^^
Target kernel_snapshot_program failed: Exception


FAILURE: Build failed with an exception.

* What went wrong:
Execution failed for task ':app:compileFlutterBuildDebug'.
> Process 'command 'C:\dev\flutter\bin\flutter.bat'' finished with non-zero exit value 1

* Try:
> Run with --stacktrace option to get the stack trace.
> Run with --info or --debug option to get more log output.
> Run with --scan to get full insights.
> Get more help at https://help.gradle.org.

BUILD FAILED in 15s
Running Gradle task 'assembleDebug'...                             16,3s
Gradle task assembleDebug failed with exit code 1
